[debug] [2017-07-21T21:50:33.282Z] ----------------------------------------------------------------------
[debug] [2017-07-21T21:50:33.286Z] Command:      C:\Program Files\nodejs\node.exe C:\Users\LABORATORIA 0092\AppData\Roaming\npm\node_modules\firebase-tools\bin\firebase serve
[debug] [2017-07-21T21:50:33.286Z] CLI Version:  3.9.1
[debug] [2017-07-21T21:50:33.286Z] Platform:     win32
[debug] [2017-07-21T21:50:33.286Z] Node Version: v6.9.4
[debug] [2017-07-21T21:50:33.287Z] Time:         Fri Jul 21 2017 16:50:33 GMT-0500 (SA Pacific Standard Time)
[debug] [2017-07-21T21:50:33.287Z] ----------------------------------------------------------------------
[debug] 
[debug] [2017-07-21T21:50:33.311Z] > command requires scopes: ["email","openid","https://www.googleapis.com/auth/cloudplatformprojects.readonly","https://www.googleapis.com/auth/firebase","https://www.googleapis.com/auth/cloud-platform"]
[debug] [2017-07-21T21:50:33.312Z] > authorizing via signed-in user
[debug] [2017-07-21T21:50:33.316Z] >>> HTTP REQUEST GET https://admin.firebase.com/v1/projects/monyapp-bf79c  
 Fri Jul 21 2017 16:50:33 GMT-0500 (SA Pacific Standard Time)
[debug] [2017-07-21T21:50:34.576Z] <<< HTTP RESPONSE 200
[debug] [2017-07-21T21:50:34.577Z] >>> HTTP REQUEST GET https://admin.firebase.com/v1/database/monyapp-bf79c/tokens  
 Fri Jul 21 2017 16:50:34 GMT-0500 (SA Pacific Standard Time)
[debug] [2017-07-21T21:50:35.331Z] <<< HTTP RESPONSE 200
[info] 
[info] === Serving from 'C:\Users\LABORATORIA 0092\Desktop\mony-firebase'...
[info] 
[debug] [2017-07-21T21:50:35.337Z] >>> HTTP REQUEST GET https://cloudresourcemanager.googleapis.com/v1/projects/monyapp-bf79c  
 Fri Jul 21 2017 16:50:35 GMT-0500 (SA Pacific Standard Time)
[debug] [2017-07-21T21:50:36.158Z] <<< HTTP RESPONSE 200
[debug] [2017-07-21T21:50:36.159Z] >>> HTTP REQUEST GET https://mobilesdk-pa.googleapis.com/v1/projects/516782594145/clients/_:getWebAppConfig  
 Fri Jul 21 2017 16:50:36 GMT-0500 (SA Pacific Standard Time)
[debug] [2017-07-21T21:50:37.028Z] <<< HTTP RESPONSE 200
[info] i  hosting: Serving hosting files from: public
[info] +  hosting: Local server: http://localhost:5000

